Determining if the pthread_create exist failed with the following output:
Change Dir: /home/qiang/zq/git-space/aruco_board/detect_board/build/CMakeFiles/CMakeTmp

Run Build Command:"/usr/bin/make" "cmTC_927e4/fast"
/usr/bin/make -f CMakeFiles/cmTC_927e4.dir/build.make CMakeFiles/cmTC_927e4.dir/build
make[1]: Entering directory '/home/qiang/zq/git-space/aruco_board/detect_board/build/CMakeFiles/CMakeTmp'
Building C object CMakeFiles/cmTC_927e4.dir/CheckSymbolExists.c.o
/usr/bin/cc   -fPIC    -o CMakeFiles/cmTC_927e4.dir/CheckSymbolExists.c.o   -c /home/qiang/zq/git-space/aruco_board/detect_board/build/CMakeFiles/CMakeTmp/CheckSymbolExists.c
Linking C executable cmTC_927e4
/usr/bin/cmake -E cmake_link_script CMakeFiles/cmTC_927e4.dir/link.txt --verbose=1
/usr/bin/cc -fPIC     -rdynamic CMakeFiles/cmTC_927e4.dir/CheckSymbolExists.c.o  -o cmTC_927e4 
CMakeFiles/cmTC_927e4.dir/CheckSymbolExists.c.o: In function `main':
CheckSymbolExists.c:(.text+0x1b): undefined reference to `pthread_create'
collect2: error: ld returned 1 exit status
CMakeFiles/cmTC_927e4.dir/build.make:97: recipe for target 'cmTC_927e4' failed
make[1]: *** [cmTC_927e4] Error 1
make[1]: Leaving directory '/home/qiang/zq/git-space/aruco_board/detect_board/build/CMakeFiles/CMakeTmp'
Makefile:126: recipe for target 'cmTC_927e4/fast' failed
make: *** [cmTC_927e4/fast] Error 2

File /home/qiang/zq/git-space/aruco_board/detect_board/build/CMakeFiles/CMakeTmp/CheckSymbolExists.c:
/* */
#include <pthread.h>

int main(int argc, char** argv)
{
  (void)argv;
#ifndef pthread_create
  return ((int*)(&pthread_create))[argc];
#else
  (void)argc;
  return 0;
#endif
}

Determining if the function pthread_create exists in the pthreads failed with the following output:
Change Dir: /home/qiang/zq/git-space/aruco_board/detect_board/build/CMakeFiles/CMakeTmp

Run Build Command:"/usr/bin/make" "cmTC_d2fc0/fast"
/usr/bin/make -f CMakeFiles/cmTC_d2fc0.dir/build.make CMakeFiles/cmTC_d2fc0.dir/build
make[1]: Entering directory '/home/qiang/zq/git-space/aruco_board/detect_board/build/CMakeFiles/CMakeTmp'
Building C object CMakeFiles/cmTC_d2fc0.dir/CheckFunctionExists.c.o
/usr/bin/cc   -fPIC -DCHECK_FUNCTION_EXISTS=pthread_create   -o CMakeFiles/cmTC_d2fc0.dir/CheckFunctionExists.c.o   -c /usr/share/cmake-3.10/Modules/CheckFunctionExists.c
Linking C executable cmTC_d2fc0
/usr/bin/cmake -E cmake_link_script CMakeFiles/cmTC_d2fc0.dir/link.txt --verbose=1
/usr/bin/cc -fPIC -DCHECK_FUNCTION_EXISTS=pthread_create    -rdynamic CMakeFiles/cmTC_d2fc0.dir/CheckFunctionExists.c.o  -o cmTC_d2fc0 -lpthreads 
/usr/bin/ld: cannot find -lpthreads
collect2: error: ld returned 1 exit status
CMakeFiles/cmTC_d2fc0.dir/build.make:97: recipe for target 'cmTC_d2fc0' failed
make[1]: *** [cmTC_d2fc0] Error 1
make[1]: Leaving directory '/home/qiang/zq/git-space/aruco_board/detect_board/build/CMakeFiles/CMakeTmp'
Makefile:126: recipe for target 'cmTC_d2fc0/fast' failed
make: *** [cmTC_d2fc0/fast] Error 2


