Performing C SOURCE FILE Test CMAKE_HAVE_LIBC_PTHREAD failed with the following output:
Change Dir: /home/zq/zq/git-space/drone_about/Calibration_ZhangZhengyou_Method/opencv_save_img/CMakeFiles/CMakeTmp

Run Build Command(s):/usr/bin/make cmTC_41659/fast && /usr/bin/make  -f CMakeFiles/cmTC_41659.dir/build.make CMakeFiles/cmTC_41659.dir/build
make[1]: Entering directory '/home/zq/zq/git-space/drone_about/Calibration_ZhangZhengyou_Method/opencv_save_img/CMakeFiles/CMakeTmp'
Building C object CMakeFiles/cmTC_41659.dir/src.c.o
/usr/bin/cc   -fPIC -DCMAKE_HAVE_LIBC_PTHREAD -o CMakeFiles/cmTC_41659.dir/src.c.o -c /home/zq/zq/git-space/drone_about/Calibration_ZhangZhengyou_Method/opencv_save_img/CMakeFiles/CMakeTmp/src.c
Linking C executable cmTC_41659
/home/zq/cmake/bin/cmake -E cmake_link_script CMakeFiles/cmTC_41659.dir/link.txt --verbose=1
/usr/bin/cc -fPIC -DCMAKE_HAVE_LIBC_PTHREAD -rdynamic CMakeFiles/cmTC_41659.dir/src.c.o -o cmTC_41659 
CMakeFiles/cmTC_41659.dir/src.c.o: In function `main':
src.c:(.text+0x3e): undefined reference to `pthread_create'
src.c:(.text+0x4a): undefined reference to `pthread_detach'
src.c:(.text+0x56): undefined reference to `pthread_cancel'
src.c:(.text+0x67): undefined reference to `pthread_join'
src.c:(.text+0x7b): undefined reference to `pthread_atfork'
collect2: error: ld returned 1 exit status
CMakeFiles/cmTC_41659.dir/build.make:105: recipe for target 'cmTC_41659' failed
make[1]: *** [cmTC_41659] Error 1
make[1]: Leaving directory '/home/zq/zq/git-space/drone_about/Calibration_ZhangZhengyou_Method/opencv_save_img/CMakeFiles/CMakeTmp'
Makefile:140: recipe for target 'cmTC_41659/fast' failed
make: *** [cmTC_41659/fast] Error 2


Source file was:
#include <pthread.h>

void* test_func(void* data)
{
  return data;
}

int main(void)
{
  pthread_t thread;
  pthread_create(&thread, NULL, test_func, NULL);
  pthread_detach(thread);
  pthread_cancel(thread);
  pthread_join(thread, NULL);
  pthread_atfork(NULL, NULL, NULL);
  pthread_exit(NULL);

  return 0;
}

Determining if the function pthread_create exists in the pthreads failed with the following output:
Change Dir: /home/zq/zq/git-space/drone_about/Calibration_ZhangZhengyou_Method/opencv_save_img/CMakeFiles/CMakeTmp

Run Build Command(s):/usr/bin/make cmTC_5577a/fast && /usr/bin/make  -f CMakeFiles/cmTC_5577a.dir/build.make CMakeFiles/cmTC_5577a.dir/build
make[1]: Entering directory '/home/zq/zq/git-space/drone_about/Calibration_ZhangZhengyou_Method/opencv_save_img/CMakeFiles/CMakeTmp'
Building C object CMakeFiles/cmTC_5577a.dir/CheckFunctionExists.c.o
/usr/bin/cc   -fPIC -DCHECK_FUNCTION_EXISTS=pthread_create -o CMakeFiles/cmTC_5577a.dir/CheckFunctionExists.c.o -c /home/zq/cmake/share/cmake-3.18/Modules/CheckFunctionExists.c
Linking C executable cmTC_5577a
/home/zq/cmake/bin/cmake -E cmake_link_script CMakeFiles/cmTC_5577a.dir/link.txt --verbose=1
/usr/bin/cc -fPIC -DCHECK_FUNCTION_EXISTS=pthread_create -rdynamic CMakeFiles/cmTC_5577a.dir/CheckFunctionExists.c.o -o cmTC_5577a  -lpthreads 
/usr/bin/ld: cannot find -lpthreads
collect2: error: ld returned 1 exit status
CMakeFiles/cmTC_5577a.dir/build.make:105: recipe for target 'cmTC_5577a' failed
make[1]: *** [cmTC_5577a] Error 1
make[1]: Leaving directory '/home/zq/zq/git-space/drone_about/Calibration_ZhangZhengyou_Method/opencv_save_img/CMakeFiles/CMakeTmp'
Makefile:140: recipe for target 'cmTC_5577a/fast' failed
make: *** [cmTC_5577a/fast] Error 2



