Determining if the pthread_create exist failed with the following output:
Change Dir: /home/iking/zq/Autonomous_Drone_Landing/create_board/build_create/CMakeFiles/CMakeTmp

Run Build Command:"/usr/bin/make" "cmTC_76bd1/fast"
/usr/bin/make -f CMakeFiles/cmTC_76bd1.dir/build.make CMakeFiles/cmTC_76bd1.dir/build
make[1]: Entering directory '/home/iking/zq/Autonomous_Drone_Landing/create_board/build_create/CMakeFiles/CMakeTmp'
Building C object CMakeFiles/cmTC_76bd1.dir/CheckSymbolExists.c.o
/usr/bin/cc   -fPIC    -o CMakeFiles/cmTC_76bd1.dir/CheckSymbolExists.c.o   -c /home/iking/zq/Autonomous_Drone_Landing/create_board/build_create/CMakeFiles/CMakeTmp/CheckSymbolExists.c
Linking C executable cmTC_76bd1
/usr/bin/cmake -E cmake_link_script CMakeFiles/cmTC_76bd1.dir/link.txt --verbose=1
/usr/bin/cc -fPIC     -rdynamic CMakeFiles/cmTC_76bd1.dir/CheckSymbolExists.c.o  -o cmTC_76bd1 
CMakeFiles/cmTC_76bd1.dir/CheckSymbolExists.c.o: In function `main':
CheckSymbolExists.c:(.text+0x14): undefined reference to `pthread_create'
CheckSymbolExists.c:(.text+0x18): undefined reference to `pthread_create'
collect2: error: ld returned 1 exit status
CMakeFiles/cmTC_76bd1.dir/build.make:97: recipe for target 'cmTC_76bd1' failed
make[1]: *** [cmTC_76bd1] Error 1
make[1]: Leaving directory '/home/iking/zq/Autonomous_Drone_Landing/create_board/build_create/CMakeFiles/CMakeTmp'
Makefile:126: recipe for target 'cmTC_76bd1/fast' failed
make: *** [cmTC_76bd1/fast] Error 2

File /home/iking/zq/Autonomous_Drone_Landing/create_board/build_create/CMakeFiles/CMakeTmp/CheckSymbolExists.c:
/* */
#include <pthread.h>

int main(int argc, char** argv)
{
  (void)argv;
#ifndef pthread_create
  return ((int*)(&pthread_create))[argc];
#else
  (void)argc;
  return 0;
#endif
}

Determining if the function pthread_create exists in the pthreads failed with the following output:
Change Dir: /home/iking/zq/Autonomous_Drone_Landing/create_board/build_create/CMakeFiles/CMakeTmp

Run Build Command:"/usr/bin/make" "cmTC_c1f36/fast"
/usr/bin/make -f CMakeFiles/cmTC_c1f36.dir/build.make CMakeFiles/cmTC_c1f36.dir/build
make[1]: Entering directory '/home/iking/zq/Autonomous_Drone_Landing/create_board/build_create/CMakeFiles/CMakeTmp'
Building C object CMakeFiles/cmTC_c1f36.dir/CheckFunctionExists.c.o
/usr/bin/cc   -fPIC -DCHECK_FUNCTION_EXISTS=pthread_create   -o CMakeFiles/cmTC_c1f36.dir/CheckFunctionExists.c.o   -c /usr/share/cmake-3.10/Modules/CheckFunctionExists.c
Linking C executable cmTC_c1f36
/usr/bin/cmake -E cmake_link_script CMakeFiles/cmTC_c1f36.dir/link.txt --verbose=1
/usr/bin/cc -fPIC -DCHECK_FUNCTION_EXISTS=pthread_create    -rdynamic CMakeFiles/cmTC_c1f36.dir/CheckFunctionExists.c.o  -o cmTC_c1f36 -lpthreads 
/usr/bin/ld: cannot find -lpthreads
collect2: error: ld returned 1 exit status
CMakeFiles/cmTC_c1f36.dir/build.make:97: recipe for target 'cmTC_c1f36' failed
make[1]: *** [cmTC_c1f36] Error 1
make[1]: Leaving directory '/home/iking/zq/Autonomous_Drone_Landing/create_board/build_create/CMakeFiles/CMakeTmp'
Makefile:126: recipe for target 'cmTC_c1f36/fast' failed
make: *** [cmTC_c1f36/fast] Error 2


